Starting job on cn-a005.server.mila.quebec
SLURM_JOB_ID 8101267
submitit INFO (2025-11-12 14:55:59,221) - Starting with JobEnvironment(job_id=8101267, hostname=cn-a005.server.mila.quebec, local_rank=0(1), node=0(1), global_rank=0(1))
submitit INFO (2025-11-12 14:55:59,221) - Loading pickle: /network/scratch/c/cesar.valdez/manyLatents/logs/single_algorithm_pca_swissroll/multiruns/2025-11-12/14-55-46/.submitit/8101267/8101267_submitted.pkl
[11/12/25 14:56:34] INFO     Final Config:                     experiment.py:325
                             algorithms:                                        
                               latent:                                          
                                 _target_:                                      
                             manylatents.algorithms.latent.pca                  
                             .PCAModule                                         
                                 n_components: 2                                
                                 random_state: ${seed}                          
                             pipeline: []                                       
                             data:                                              
                               batch_size: 128                                  
                               num_workers: 1                                   
                               shuffle_traindata: false                         
                               _target_:                                        
                             manylatents.data.swissroll.SwissR                  
                             ollDataModule                                      
                               test_split: 0.2                                  
                               n_distributions: 10                              
                               n_points_per_distribution: 100                   
                               noise: 0.2                                       
                               manifold_noise: 0.2                              
                               width: 10.0                                      
                               random_state: ${seed}                            
                               rotate_to_dim: 100                               
                               mode: full                                       
                               use_gap: false                                   
                               n_gaps: 3                                        
                               gap_fraction: 0.3                                
                             callbacks:                                         
                               embedding:                                       
                                 save_embeddings:                               
                                   _target_:                                    
                             manylatents.callbacks.embedding.s                  
                             ave_embeddings.SaveEmbeddings                      
                                   save_dir:                                    
                             ${hydra:runtime.output_dir}                        
                                   save_format: csv                             
                                   experiment_name: ${name}                     
                                   save_metric_tables: false                    
                                 plot_embeddings:                               
                                   _target_:                                    
                             manylatents.callbacks.embedding.p                  
                             lot_embeddings.PlotEmbeddings                      
                                   save_dir:                                    
                             ${hydra:runtime.output_dir}                        
                                   experiment_name:                             
                             ${name}.png                                        
                                   figsize:                                     
                                   - 8                                          
                                   - 6                                          
                                   label_col: Population                        
                                   legend: false                                
                                   color_by_score: null                         
                                 wandb_log_scores:                              
                                   _target_:                                    
                             manylatents.callbacks.embedding.w                  
                             andb_log_scores.WandbLogScores                     
                                   log_summary: true                            
                                   log_table: true                              
                                   log_k_curve_table: true                      
                                   include_labels: false                        
                             logger:                                            
                               _target_: wandb.init                             
                               project: ${project}                              
                               name: ${name}                                    
                               config: null                                     
                               mode: online                                     
                             trainer: {}                                        
                             metrics:                                           
                               dataset:                                         
                                 test_metric:                                   
                                   _target_:                                    
                             manylatents.metrics.test_metric.T                  
                             estMetric                                          
                                   _partial_: true                              
                                   k: 25                                        
                               embedding:                                       
                                 test_metric:                                   
                                   _target_:                                    
                             manylatents.metrics.test_metric.T                  
                             estMetric                                          
                                   _partial_: true                              
                                   k: 25                                        
                               module:                                          
                                 test_metric:                                   
                                   _target_:                                    
                             manylatents.metrics.test_metric.T                  
                             estMetric                                          
                                   _partial_: true                              
                                   k: 25                                        
                             log_level: info                                    
                             seed: 42                                           
                             debug: false                                       
                             verbose: false                                     
                             cache_dir: outputs/cache                           
                             ckpt_dir: outputs/ckpt                             
                             name:                                              
                             single_algorithm_pca_swissroll                     
                             project: your_project                              
                             eval_only: false                                   
                             pretrained_ckpt: null                              
                                                                                
                    INFO     Initializing wandb logger:        experiment.py:332
                             _target_: wandb.init                               
                             project: ${project}                                
                             name: ${name}                                      
                             config: null                                       
                             mode: online                                       
                                                                                
submitit INFO (2025-11-12 14:56:34,880) - Job completed successfully
                    INFO     Job completed successfully         submission.py:56
submitit INFO (2025-11-12 14:56:34,887) - Exiting after successful completion
                    INFO     Exiting after successful           submission.py:61
                             completion                                         

======== GPU REPORT ========

==============NVSMI LOG==============

Timestamp                                 : Wed Nov 12 14:56:37 2025
Driver Version                            : 580.65.06
CUDA Version                              : 13.0

Attached GPUs                             : 1
GPU 00000000:89:00.0
    Accounting Mode                       : Enabled
    Accounting Mode Buffer Size           : 4000
    Accounted Processes                   : None

Wed Nov 12 14:56:37 2025       
+-----------------------------------------------------------------------------------------+
| NVIDIA-SMI 580.65.06              Driver Version: 580.65.06      CUDA Version: 13.0     |
+-----------------------------------------+------------------------+----------------------+
| GPU  Name                 Persistence-M | Bus-Id          Disp.A | Volatile Uncorr. ECC |
| Fan  Temp   Perf          Pwr:Usage/Cap |           Memory-Usage | GPU-Util  Compute M. |
|                                         |                        |               MIG M. |
|=========================================+========================+======================|
|   0  Quadro RTX 8000                On  |   00000000:89:00.0 Off |                    0 |
| 33%   26C    P8             26W /  260W |       1MiB /  46080MiB |      0%      Default |
|                                         |                        |                  N/A |
+-----------------------------------------+------------------------+----------------------+

+-----------------------------------------------------------------------------------------+
| Processes:                                                                              |
|  GPU   GI   CI              PID   Type   Process name                        GPU Memory |
|        ID   ID                                                               Usage      |
|=========================================================================================|
|  No running processes found                                                             |
+-----------------------------------------------------------------------------------------+

======== GPU REPORT ========

==============NVSMI LOG==============

Timestamp                                 : Wed Nov 12 14:56:37 2025
Driver Version                            : 580.65.06
CUDA Version                              : 13.0

Attached GPUs                             : 1
GPU 00000000:89:00.0
    Accounting Mode                       : Enabled
    Accounting Mode Buffer Size           : 4000
    Accounted Processes                   : None

Wed Nov 12 14:56:37 2025       
+-----------------------------------------------------------------------------------------+
| NVIDIA-SMI 580.65.06              Driver Version: 580.65.06      CUDA Version: 13.0     |
+-----------------------------------------+------------------------+----------------------+
| GPU  Name                 Persistence-M | Bus-Id          Disp.A | Volatile Uncorr. ECC |
| Fan  Temp   Perf          Pwr:Usage/Cap |           Memory-Usage | GPU-Util  Compute M. |
|                                         |                        |               MIG M. |
|=========================================+========================+======================|
|   0  Quadro RTX 8000                On  |   00000000:89:00.0 Off |                    0 |
| 33%   26C    P8             26W /  260W |       1MiB /  46080MiB |      0%      Default |
|                                         |                        |                  N/A |
+-----------------------------------------+------------------------+----------------------+

+-----------------------------------------------------------------------------------------+
| Processes:                                                                              |
|  GPU   GI   CI              PID   Type   Process name                        GPU Memory |
|        ID   ID                                                               Usage      |
|=========================================================================================|
|  No running processes found                                                             |
+-----------------------------------------------------------------------------------------+
