Starting job on cn-f001.server.mila.quebec
SLURM_JOB_ID 8447861
submitit INFO (2026-01-12 03:33:53,489) - Starting with JobEnvironment(job_id=8447861, hostname=cn-f001.server.mila.quebec, local_rank=0(1), node=0(1), global_rank=0(1))
submitit INFO (2026-01-12 03:33:53,489) - Loading pickle: /network/scratch/c/cesar.valdez/manyLatents/logs/default/multiruns/2026-01-12/03-33-25/.submitit/8447861/8447861_submitted.pkl
[01/12/26 03:34:23] INFO     Final Config:                     experiment.py:331
                             algorithms:                                        
                               latent:                                          
                                 _target_:                                      
                             manylatents.algorithms.latent.pca                  
                             .PCAModule                                         
                                 n_components: 50                               
                                 random_state: ${seed}                          
                             pipeline: []                                       
                             data:                                              
                               batch_size: 128                                  
                               num_workers: 1                                   
                               shuffle_traindata: false                         
                               _target_:                                        
                             manylatents.omics.data.anndata.An                  
                             nDataModule                                        
                               adata_path:                                      
                             /network/scratch/c/cesar.valdez/m                  
                             anyLatents/data/scRNAseq/EBT_2k_h                  
                             vg.h5ad                                            
                               label_key: sample_labels                         
                               layer: null                                      
                               use_raw: false                                   
                               mode: full                                       
                               test_split: 0.2                                  
                             callbacks: {}                                      
                             logger: null                                       
                             trainer: {}                                        
                             metrics: null                                      
                             log_level: info                                    
                             seed: 53774                                        
                             debug: false                                       
                             verbose: false                                     
                             cache_dir: outputs/cache                           
                             ckpt_dir: outputs/ckpt                             
                             name: default                                      
                             project: default                                   
                             eval_only: false                                   
                             pretrained_ckpt: null                              
                                                                                
                    INFO     WandB disabled: logger=None        experiment.py:49
                             (orchestrated by parent)                           
                    INFO     WandB logging disabled - skipping experiment.py:344
                             wandb initialization                               
                    INFO     Cache directory ensured at:        experiment.py:67
                             outputs/cache                                      
[01/12/26 03:34:25] INFO     Loading AnnData from:         anndata_dataset.py:55
                             /network/scratch/c/cesar.vald                      
                             ez/manyLatents/data/scRNAseq/                      
                             EBT_2k_hvg.h5ad                                    
                    INFO     Loaded 16815 samples x 2000   anndata_dataset.py:85
                             features                                           
                    INFO     No embedding callbacks            experiment.py:374
                             configured; skip embedding‐level                   
                             hooks.                                             
                    INFO     Trainer loggers disabled (WandB   experiment.py:386
                             disabled)                                          
[01/12/26 03:34:26] INFO     Starting algorithm execution...   experiment.py:395
                    INFO     Running algorithm on using        experiment.py:408
                             unified data:                                      
                             Train tensor shape:                                
                             torch.Size([16815, 2000])                          
                             Test tensor shape:                                 
                             torch.Size([16815, 2000])                          
                             Algorithm: PCAModule                               
[01/12/26 03:34:29] INFO     LatentModule embedding shape:     experiment.py:271
                             torch.Size([16815, 50])                            
                    INFO     Evaluating embeddings from        experiment.py:438
                             PCAModule...                                       
                    INFO     Reference data shape:             experiment.py:176
                             torch.Size([16815, 2000])                          
                    INFO     Computing embedding metrics for   experiment.py:177
                             16815 samples.                                     
                    INFO     Experiment complete.              experiment.py:461
submitit INFO (2026-01-12 03:34:29,817) - Job completed successfully
                    INFO     Job completed successfully         submission.py:56
submitit INFO (2026-01-12 03:34:29,830) - Exiting after successful completion
                    INFO     Exiting after successful           submission.py:61
                             completion                                         
