Starting job on cn-f002.server.mila.quebec
SLURM_JOB_ID 8447877
submitit INFO (2026-01-12 03:41:56,252) - Starting with JobEnvironment(job_id=8447872_3, hostname=cn-f002.server.mila.quebec, local_rank=0(1), node=0(1), global_rank=0(1))
submitit INFO (2026-01-12 03:41:56,253) - Loading pickle: /network/scratch/c/cesar.valdez/manyLatents/logs/dse_sigma_sweep/multiruns/2026-01-12/03-41-09/.submitit/8447872_3/8447872_3_submitted.pkl
[01/12/26 03:42:21] INFO     Final Config:                     experiment.py:331
                             algorithms:                                        
                               latent:                                          
                                 _target_:                                      
                             manylatents.algorithms.latent.pca                  
                             .PCAModule                                         
                                 n_components: 50                               
                                 random_state: ${seed}                          
                             pipeline: []                                       
                             data:                                              
                               batch_size: 128                                  
                               num_workers: 1                                   
                               shuffle_traindata: false                         
                               _target_:                                        
                             manylatents.omics.data.anndata.An                  
                             nDataModule                                        
                               adata_path:                                      
                             /network/scratch/c/cesar.valdez/m                  
                             anyLatents/data/scRNAseq/EBT_2k_h                  
                             vg.h5ad                                            
                               label_key: sample_labels                         
                               layer: null                                      
                               use_raw: false                                   
                               mode: full                                       
                               test_split: 0.2                                  
                             callbacks: {}                                      
                             logger:                                            
                               _target_: wandb.init                             
                               project: ${project}                              
                               name: ${name}                                    
                               config: null                                     
                               mode: online                                     
                             trainer: {}                                        
                             metrics:                                           
                               embedding:                                       
                                 diffusion_spectral_entropy:                    
                                   _target_:                                    
                             manylatents.metrics.diffusion_spe                  
                             ctral_entropy.DiffusionSpectralEn                  
                             tropy                                              
                                   _partial_: true                              
                                   output_mode:                                 
                             eigenvalue_count_sweep                             
                                   t_high:                                      
                                   - 10                                         
                                   - 50                                         
                                   - 100                                        
                                   - 200                                        
                                   - 500                                        
                                   numerical_floor: 1.0e-06                     
                                   gaussian_kernel_sigma: 20                    
                             log_level: info                                    
                             seed: 45178                                        
                             debug: false                                       
                             verbose: false                                     
                             cache_dir: outputs/cache                           
                             ckpt_dir: outputs/ckpt                             
                             name: dse_sigma_sweep                              
                             project: geomancy-topology                         
                             eval_only: false                                   
                             pretrained_ckpt: null                              
                                                                                
                    INFO     Initializing wandb logger:        experiment.py:338
                             _target_: wandb.init                               
                             project: ${project}                                
                             name: ${name}                                      
                             config: null                                       
                             mode: online                                       
                                                                                
submitit INFO (2026-01-12 03:42:21,203) - Job completed successfully
                    INFO     Job completed successfully         submission.py:56
submitit INFO (2026-01-12 03:42:21,210) - Exiting after successful completion
                    INFO     Exiting after successful           submission.py:61
                             completion                                         
